<?xml version="1.0" encoding="UTF-8"?>
<!-- Generated by org.testng.reporters.JUnitReportReporter -->
<testsuite skipped="0" hostname="DeeLo-PC" name="com.sdet.testCases.TC_LoginTest_001" tests="1" failures="0" timestamp="2021-02-16T23:55:57 IST" time="15.957" errors="0">
  <testcase name="loginTest" time="15.957" classname="com.sdet.testCases.TC_LoginTest_001"/>
  <system-out/>
</testsuite> <!-- com.sdet.testCases.TC_LoginTest_001 -->
